Device: cuda
Loading GPT-2 tokenizer...
Warning: You are sending unauthenticated requests to the HF Hub. Please set a HF_TOKEN to enable higher rate limits and faster downloads.
Vocab size: 50257
Using synthetic data (TinyGSM download requires Hydra pipeline)
Creating RHF model (mode=clifford)...
Model parameters: 29,253,457

Starting training for 5000 steps (eval every 1000)...
Step     1 | loss=10.8270 | 3.0 steps/s | elapsed=0s
Step   100 | loss=10.6621 | 5.8 steps/s | elapsed=17s
Step   200 | loss=10.4700 | 5.8 steps/s | elapsed=35s
Step   300 | loss=10.2709 | 5.8 steps/s | elapsed=52s
Step   400 | loss=9.8696 | 5.8 steps/s | elapsed=69s
Step   500 | loss=9.6918 | 5.8 steps/s | elapsed=86s
Step   600 | loss=9.7305 | 5.8 steps/s | elapsed=104s
Step   700 | loss=9.2016 | 5.8 steps/s | elapsed=121s
Step   800 | loss=8.9729 | 5.8 steps/s | elapsed=138s
Step   900 | loss=8.9296 | 5.8 steps/s | elapsed=155s
Step  1000 | loss=9.1479 | 5.8 steps/s | elapsed=173s
  EVAL step 1000: loss=8.8853
Step  1100 | loss=9.1048 | 5.8 steps/s | elapsed=190s
Step  1200 | loss=8.9175 | 5.8 steps/s | elapsed=208s
Step  1300 | loss=8.7872 | 5.8 steps/s | elapsed=225s
Step  1400 | loss=8.6973 | 5.8 steps/s | elapsed=242s
Step  1500 | loss=8.0916 | 5.8 steps/s | elapsed=259s
Step  1600 | loss=8.1999 | 5.8 steps/s | elapsed=277s
Step  1700 | loss=8.1291 | 5.8 steps/s | elapsed=294s
Step  1800 | loss=7.8825 | 5.8 steps/s | elapsed=311s
Step  1900 | loss=7.8272 | 5.8 steps/s | elapsed=328s
Step  2000 | loss=7.3355 | 5.8 steps/s | elapsed=346s
  EVAL step 2000: loss=7.6519
Step  2100 | loss=7.8922 | 5.8 steps/s | elapsed=363s
Step  2200 | loss=7.8493 | 5.8 steps/s | elapsed=381s
Step  2300 | loss=7.7888 | 5.8 steps/s | elapsed=398s
Step  2400 | loss=7.2004 | 5.8 steps/s | elapsed=415s
Step  2500 | loss=6.7183 | 5.8 steps/s | elapsed=432s
Step  2600 | loss=7.1313 | 5.8 steps/s | elapsed=450s
Step  2700 | loss=6.9433 | 5.8 steps/s | elapsed=467s
Step  2800 | loss=6.5957 | 5.8 steps/s | elapsed=484s
Step  2900 | loss=6.5179 | 5.8 steps/s | elapsed=501s
Step  3000 | loss=6.6618 | 5.8 steps/s | elapsed=519s
  EVAL step 3000: loss=6.5939
Step  3100 | loss=6.4300 | 5.8 steps/s | elapsed=537s
Step  3200 | loss=6.6630 | 5.8 steps/s | elapsed=554s
Step  3300 | loss=6.1043 | 5.8 steps/s | elapsed=571s
Step  3400 | loss=6.2045 | 5.8 steps/s | elapsed=588s
Step  3500 | loss=6.2916 | 5.8 steps/s | elapsed=606s
Step  3600 | loss=5.6905 | 5.8 steps/s | elapsed=623s
Step  3700 | loss=6.1718 | 5.8 steps/s | elapsed=640s
Step  3800 | loss=6.2603 | 5.8 steps/s | elapsed=657s
Step  3900 | loss=5.3012 | 5.8 steps/s | elapsed=675s
Step  4000 | loss=4.9685 | 5.8 steps/s | elapsed=692s
  EVAL step 4000: loss=5.4789
Step  4100 | loss=5.5807 | 5.8 steps/s | elapsed=710s
Step  4200 | loss=6.2045 | 5.8 steps/s | elapsed=727s
Step  4300 | loss=4.8190 | 5.8 steps/s | elapsed=744s
Step  4400 | loss=6.7213 | 5.8 steps/s | elapsed=761s
Step  4500 | loss=4.7164 | 5.8 steps/s | elapsed=779s
Step  4600 | loss=5.1447 | 5.8 steps/s | elapsed=796s
Step  4700 | loss=5.1787 | 5.8 steps/s | elapsed=813s
Step  4800 | loss=5.5380 | 5.8 steps/s | elapsed=831s
Step  4900 | loss=4.4212 | 5.8 steps/s | elapsed=848s
Step  5000 | loss=3.9331 | 5.8 steps/s | elapsed=865s
  EVAL step 5000: loss=4.5555

============================================================
Training complete: 5000 steps in 866s (5.8 steps/s)
Best eval loss: 4.5555
Algo: rhf, Mode: clifford, Hidden: 256, Blocks: 4
